2025-04-10 10:18:51 [TestNG-test-Test Case Execution-1] INFO  org.base.Utils - Jmeter is initialised 
2025-04-10 10:18:51 [TestNG-test-Test Case Execution-1] INFO  JmxFileCreation - Payload File: payload/jsonPlaceholderCollection.postman_collection.json
2025-04-10 10:18:51 [TestNG-test-Test Case Execution-1] INFO  JmxFileCreation - Test Plan Name: jsonPlaceholderCollection
2025-04-10 10:18:51 [TestNG-test-Test Case Execution-1] INFO  org.base.Utils - Test Plan added to HashTree : 
2025-04-10 10:18:51 [TestNG-test-Test Case Execution-1] INFO  JmxFileCreation - Test plan is added to the tree
2025-04-10 10:18:51 [TestNG-test-Test Case Execution-1] INFO  JmxFileCreation - Error Message : Cannot invoke "com.fasterxml.jackson.databind.JsonNode.get(String)" because the return value of "com.fasterxml.jackson.databind.JsonNode.get(String)" is null
2025-04-10 10:26:08 [TestNG-test-Test Case Execution-1] INFO  org.base.Utils - Jmeter is initialised 
2025-04-10 10:26:08 [TestNG-test-Test Case Execution-1] INFO  JmxFileCreation - Payload File: payload/jsonPlaceholderCollection.postman_collection.json
2025-04-10 10:26:08 [TestNG-test-Test Case Execution-1] INFO  JmxFileCreation - Test Plan Name: jsonPlaceholderCollection
2025-04-10 10:26:08 [TestNG-test-Test Case Execution-1] INFO  org.base.Utils - Test Plan added to HashTree : 
2025-04-10 10:26:08 [TestNG-test-Test Case Execution-1] INFO  JmxFileCreation - Test plan is added to the tree
2025-04-10 10:26:08 [TestNG-test-Test Case Execution-1] INFO  JmxFileCreation - Error Message : Cannot invoke "com.fasterxml.jackson.databind.JsonNode.get(String)" because the return value of "com.fasterxml.jackson.databind.JsonNode.get(String)" is null
2025-04-10 10:27:51 [TestNG-test-Test Case Execution-1] INFO  org.base.Utils - Jmeter is initialised 
2025-04-10 10:27:51 [TestNG-test-Test Case Execution-1] INFO  JmxFileCreation - Payload File: payload/Ctaf-21.postman_collection.json
2025-04-10 10:27:52 [TestNG-test-Test Case Execution-1] INFO  JmxFileCreation - Test Plan Name: Ctaf-21
2025-04-10 10:27:52 [TestNG-test-Test Case Execution-1] INFO  org.base.Utils - Test Plan added to HashTree : 
2025-04-10 10:27:52 [TestNG-test-Test Case Execution-1] INFO  JmxFileCreation - Test plan is added to the tree
2025-04-10 10:27:52 [TestNG-test-Test Case Execution-1] INFO  org.base.Utils - Processing Scenario: Ctaf-userManagement, TPS: 5, Duration: 60, RampUp: 10
2025-04-10 10:27:52 [TestNG-test-Test Case Execution-1] INFO  org.base.ThreadGroupUtils - TPS value: 5.0
2025-04-10 10:27:52 [TestNG-test-Test Case Execution-1] INFO  org.base.ThreadGroupUtils - Duration value: 60
2025-04-10 10:27:52 [TestNG-test-Test Case Execution-1] INFO  org.base.ThreadGroupUtils - RampUp value: 10
2025-04-10 10:27:52 [TestNG-test-Test Case Execution-1] INFO  org.base.ThreadGroupUtils - ThreadGroup Name: Ctaf-userManagement
2025-04-10 10:27:52 [TestNG-test-Test Case Execution-1] INFO  org.base.ThreadGroupUtils - Thread Group name : Ctaf-userManagement
2025-04-10 10:27:52 [TestNG-test-Test Case Execution-1] INFO  org.base.ThreadGroupUtils - Number of the Threads : 5.0
2025-04-10 10:27:52 [TestNG-test-Test Case Execution-1] INFO  org.base.ThreadGroupUtils - Ramp Up count : 10
2025-04-10 10:27:52 [TestNG-test-Test Case Execution-1] INFO  org.base.ThreadGroupUtils - Thread Group added to TestPlan : 
2025-04-10 10:27:52 [TestNG-test-Test Case Execution-1] INFO  org.base.ConfigUtils - Successfully changed the firstName value in to ${username}
2025-04-10 10:27:52 [TestNG-test-Test Case Execution-1] INFO  org.base.ConfigUtils - Successfully changed the lastName value in to ${lastName}
2025-04-10 10:27:52 [TestNG-test-Test Case Execution-1] INFO  org.base.ConfigUtils - Header Manager added : 
2025-04-10 10:27:52 [TestNG-test-Test Case Execution-1] INFO  org.base.Utils - Assertion : false
2025-04-10 10:27:52 [TestNG-test-Test Case Execution-1] INFO  org.base.Utils - response
2025-04-10 10:27:52 [TestNG-test-Test Case Execution-1] INFO  org.base.Utils - timer : false
2025-04-10 10:27:52 [TestNG-test-Test Case Execution-1] INFO  org.base.Utils - Added JSON Extractor to API: signin
2025-04-10 10:27:52 [TestNG-test-Test Case Execution-1] INFO  org.base.Utils - Processing Controller: critical-section
2025-04-10 10:27:52 [TestNG-test-Test Case Execution-1] INFO  org.base.ConfigUtils - Header Manager added : 
2025-04-10 10:27:52 [TestNG-test-Test Case Execution-1] INFO  org.base.Utils - Assertion : false
2025-04-10 10:27:52 [TestNG-test-Test Case Execution-1] INFO  org.base.Utils - response
2025-04-10 10:27:52 [TestNG-test-Test Case Execution-1] INFO  org.base.Utils - timer : false
2025-04-10 10:27:52 [TestNG-test-Test Case Execution-1] INFO  org.base.Utils - Added JSON Extractor to API: create-user
2025-04-10 10:27:52 [TestNG-test-Test Case Execution-1] INFO  org.base.ConfigUtils - Successfully changed the userId value in to ${userid}
2025-04-10 10:27:52 [TestNG-test-Test Case Execution-1] INFO  org.base.ConfigUtils - Header Manager added : 
2025-04-10 10:27:52 [TestNG-test-Test Case Execution-1] INFO  org.base.Utils - Assertion : false
2025-04-10 10:27:52 [TestNG-test-Test Case Execution-1] INFO  org.base.Utils - response
2025-04-10 10:27:52 [TestNG-test-Test Case Execution-1] INFO  org.base.Utils - timer : false
2025-04-10 10:27:52 [TestNG-test-Test Case Execution-1] INFO  org.base.ConfigUtils - Header Manager added : 
2025-04-10 10:27:52 [TestNG-test-Test Case Execution-1] INFO  org.base.Utils - Assertion : false
2025-04-10 10:27:52 [TestNG-test-Test Case Execution-1] INFO  org.base.Utils - response
2025-04-10 10:27:52 [TestNG-test-Test Case Execution-1] INFO  org.base.Utils - timer : false
2025-04-10 10:27:52 [TestNG-test-Test Case Execution-1] INFO  org.base.ConfigUtils - Header Manager added : 
2025-04-10 10:27:52 [TestNG-test-Test Case Execution-1] INFO  org.base.Utils - Assertion : false
2025-04-10 10:27:52 [TestNG-test-Test Case Execution-1] INFO  org.base.Utils - response
2025-04-10 10:27:52 [TestNG-test-Test Case Execution-1] INFO  org.base.Utils - timer : false
2025-04-10 10:27:52 [TestNG-test-Test Case Execution-4] INFO  GrafanaServer - Starting the Grafana Server
2025-04-10 10:27:52 [TestNG-test-Test Case Execution-5] INFO  GrafanaDashboard - Grafana dashboard is starting in 20 seconds
2025-04-10 10:27:52 [TestNG-test-Test Case Execution-3] INFO  Influxdb - Starting the Influxdb Server
2025-04-10 10:27:59 [TestNG-test-Test Case Execution-3] INFO  Influxdb - Influxdb Started Successfully
2025-04-10 10:28:00 [TestNG-test-Test Case Execution-4] INFO  GrafanaServer - Grafana Started
2025-04-10 10:28:21 [TestNG-test-Test Case Execution-2] INFO  JmxFileCreation - Jmeter Execution Ended
2025-04-10 10:28:21 [TestNG-test-Test Case Execution-4] INFO  GrafanaServer - Waiting 5 mins after jmeter execution done
2025-04-10 10:28:21 [TestNG-test-Test Case Execution-3] INFO  Influxdb - Waiting 5 mins after jmeter execution done
2025-04-10 10:28:26 [TestNG-test-Test Case Execution-2] INFO  JmxFileCreation - Command exited with code: 0
2025-04-10 10:28:38 [TestNG-test-Test Case Execution-5] INFO  GrafanaDashboard - Waiting for 5 mins after Jmeter Execution
2025-04-10 10:29:21 [TestNG-test-Test Case Execution-3] INFO  Influxdb - Stopping Influx
2025-04-10 10:29:21 [TestNG-test-Test Case Execution-4] INFO  GrafanaServer - Stopping Grafana
2025-04-10 10:29:21 [TestNG-test-Test Case Execution-3] INFO  Influxdb - Influxd Stopped successfully
2025-04-10 10:29:22 [TestNG-test-Test Case Execution-4] INFO  GrafanaServer - Grafana Server Stopped successfully
2025-04-10 10:29:40 [TestNG-test-Test Case Execution-5] INFO  GrafanaDashboard - Error Occurred : element click intercepted: Element <button class="css-g4d2n6-toolbar-button" aria-label="Profile">...</button> is not clickable at point (1255, 19). Other element would receive the click: <div role="presentation" class="css-ds2n6m"></div>
  (Session info: chrome=135.0.7049.42)
Build info: version: '4.30.0', revision: '509c7f17cc*'
System info: os.name: 'Windows 10', os.arch: 'amd64', os.version: '10.0', java.version: '21.0.4'
Driver info: org.openqa.selenium.chrome.ChromeDriver
Command: [ea47885c3e25d1e8925c0f93e4102b72, clickElement {id=f.9D384EED59CBB0B8411E4247C1BFDEBF.d.6EC5A7B54BBFAD0B043F78119B54FB48.e.35}]
Capabilities {acceptInsecureCerts: false, browserName: chrome, browserVersion: 135.0.7049.42, chrome: {chromedriverVersion: 135.0.7049.84 (6c019e560019..., userDataDir: C:\Users\KANNAN~1.PAT\AppDa...}, fedcm:accounts: true, goog:chromeOptions: {debuggerAddress: localhost:57911}, networkConnectionEnabled: false, pageLoadStrategy: normal, platformName: windows, proxy: Proxy(), se:cdp: ws://localhost:57911/devtoo..., se:cdpVersion: 135.0.7049.42, setWindowRect: true, strictFileInteractability: false, timeouts: {implicit: 0, pageLoad: 300000, script: 30000}, unhandledPromptBehavior: dismiss and notify, webauthn:extension:credBlob: true, webauthn:extension:largeBlob: true, webauthn:extension:minPinLength: true, webauthn:extension:prf: true, webauthn:virtualAuthenticators: true}
Element: [[ChromeDriver: chrome on windows (ea47885c3e25d1e8925c0f93e4102b72)] -> xpath: //button[@aria-label='Profile']]
Session ID: ea47885c3e25d1e8925c0f93e4102b72
2025-04-10 10:51:00 [TestNG-test-Test Case Execution-1] INFO  org.base.Utils - Jmeter is initialised 
2025-04-10 10:51:01 [TestNG-test-Test Case Execution-1] INFO  JmxFileCreation - Payload File: payload/Ctaf-21.postman_collection.json
2025-04-10 10:51:01 [TestNG-test-Test Case Execution-1] INFO  JmxFileCreation - Test Plan Name: Ctaf-21
2025-04-10 10:51:01 [TestNG-test-Test Case Execution-1] INFO  org.base.Utils - Test Plan added to HashTree : 
2025-04-10 10:51:01 [TestNG-test-Test Case Execution-1] INFO  JmxFileCreation - Test plan is added to the tree
2025-04-10 10:51:01 [TestNG-test-Test Case Execution-1] INFO  org.base.Utils - Processing Scenario: Ctaf-userManagement, TPS: 5, Duration: 60, RampUp: 10
2025-04-10 10:51:01 [TestNG-test-Test Case Execution-1] INFO  org.base.ThreadGroupUtils - TPS value: 5.0
2025-04-10 10:51:01 [TestNG-test-Test Case Execution-1] INFO  org.base.ThreadGroupUtils - Duration value: 60
2025-04-10 10:51:01 [TestNG-test-Test Case Execution-1] INFO  org.base.ThreadGroupUtils - RampUp value: 10
2025-04-10 10:51:01 [TestNG-test-Test Case Execution-1] INFO  org.base.ThreadGroupUtils - Loop Count true
2025-04-10 10:51:01 [TestNG-test-Test Case Execution-1] INFO  org.base.ThreadGroupUtils - ThreadGroup Name: Ctaf-userManagement
2025-04-10 10:51:01 [TestNG-test-Test Case Execution-1] INFO  org.base.ThreadGroupUtils - Thread Group name : Ctaf-userManagement
2025-04-10 10:51:01 [TestNG-test-Test Case Execution-1] INFO  org.base.ThreadGroupUtils - Number of the Threads : 5.0
2025-04-10 10:51:01 [TestNG-test-Test Case Execution-1] INFO  org.base.ThreadGroupUtils - Ramp Up count : 10
2025-04-10 10:51:01 [TestNG-test-Test Case Execution-1] INFO  org.base.ThreadGroupUtils - Thread Group added to TestPlan : 
2025-04-10 10:51:01 [TestNG-test-Test Case Execution-1] INFO  org.base.ConfigUtils - Successfully changed the firstName value in to ${username}
2025-04-10 10:51:01 [TestNG-test-Test Case Execution-1] INFO  org.base.ConfigUtils - Successfully changed the lastName value in to ${lastName}
2025-04-10 10:51:01 [TestNG-test-Test Case Execution-1] INFO  org.base.ConfigUtils - Header Manager added : 
2025-04-10 10:51:01 [TestNG-test-Test Case Execution-1] INFO  org.base.Utils - Assertion : false
2025-04-10 10:51:01 [TestNG-test-Test Case Execution-1] INFO  org.base.Utils - response
2025-04-10 10:51:01 [TestNG-test-Test Case Execution-1] INFO  org.base.Utils - timer : false
2025-04-10 10:51:01 [TestNG-test-Test Case Execution-1] INFO  org.base.Utils - Added JSON Extractor to API: signin
2025-04-10 10:51:01 [TestNG-test-Test Case Execution-1] INFO  org.base.Utils - Processing Controller: critical-section
2025-04-10 10:51:01 [TestNG-test-Test Case Execution-1] INFO  org.base.ConfigUtils - Header Manager added : 
2025-04-10 10:51:01 [TestNG-test-Test Case Execution-1] INFO  org.base.Utils - Assertion : false
2025-04-10 10:51:01 [TestNG-test-Test Case Execution-1] INFO  org.base.Utils - response
2025-04-10 10:51:01 [TestNG-test-Test Case Execution-1] INFO  org.base.Utils - timer : false
2025-04-10 10:51:01 [TestNG-test-Test Case Execution-1] INFO  org.base.Utils - Added JSON Extractor to API: create-user
2025-04-10 10:51:01 [TestNG-test-Test Case Execution-1] INFO  org.base.ConfigUtils - Successfully changed the userId value in to ${userid}
2025-04-10 10:51:01 [TestNG-test-Test Case Execution-1] INFO  org.base.ConfigUtils - Header Manager added : 
2025-04-10 10:51:01 [TestNG-test-Test Case Execution-1] INFO  org.base.Utils - Assertion : false
2025-04-10 10:51:01 [TestNG-test-Test Case Execution-1] INFO  org.base.Utils - response
2025-04-10 10:51:01 [TestNG-test-Test Case Execution-1] INFO  org.base.Utils - timer : false
2025-04-10 10:51:01 [TestNG-test-Test Case Execution-1] INFO  org.base.ConfigUtils - Header Manager added : 
2025-04-10 10:51:01 [TestNG-test-Test Case Execution-1] INFO  org.base.Utils - Assertion : false
2025-04-10 10:51:01 [TestNG-test-Test Case Execution-1] INFO  org.base.Utils - response
2025-04-10 10:51:01 [TestNG-test-Test Case Execution-1] INFO  org.base.Utils - timer : false
2025-04-10 10:51:01 [TestNG-test-Test Case Execution-1] INFO  org.base.ConfigUtils - Header Manager added : 
2025-04-10 10:51:01 [TestNG-test-Test Case Execution-1] INFO  org.base.Utils - Assertion : false
2025-04-10 10:51:01 [TestNG-test-Test Case Execution-1] INFO  org.base.Utils - response
2025-04-10 10:51:01 [TestNG-test-Test Case Execution-1] INFO  org.base.Utils - timer : false
2025-04-10 10:51:19 [TestNG-test-Test Case Execution-2] INFO  JmxFileCreation - Jmeter Execution Ended
2025-04-10 10:51:23 [TestNG-test-Test Case Execution-2] INFO  JmxFileCreation - Command exited with code: 0
2025-04-10 11:10:53 [TestNG-test-Test Case Execution-1] INFO  org.base.Utils - Jmeter is initialised 
2025-04-10 11:10:53 [TestNG-test-Test Case Execution-1] INFO  JmxFileCreation - Payload File: payload/Ctaf-21.postman_collection.json
2025-04-10 11:10:53 [TestNG-test-Test Case Execution-1] INFO  JmxFileCreation - Test Plan Name: Ctaf-21
2025-04-10 11:10:53 [TestNG-test-Test Case Execution-1] INFO  org.base.Utils - Test Plan added to HashTree : 
2025-04-10 11:10:53 [TestNG-test-Test Case Execution-1] INFO  JmxFileCreation - Test plan is added to the tree
2025-04-10 11:10:53 [TestNG-test-Test Case Execution-1] INFO  org.base.Utils - Processing Scenario: Ctaf-userManagement, TPS: 5, Duration: 60, RampUp: 10
2025-04-10 11:10:53 [TestNG-test-Test Case Execution-1] INFO  org.base.ThreadGroupUtils - TPS value: 5.0
2025-04-10 11:10:53 [TestNG-test-Test Case Execution-1] INFO  org.base.ThreadGroupUtils - Duration value: 60
2025-04-10 11:10:53 [TestNG-test-Test Case Execution-1] INFO  org.base.ThreadGroupUtils - RampUp value: 10
2025-04-10 11:10:53 [TestNG-test-Test Case Execution-1] INFO  org.base.ThreadGroupUtils - Loop Count true
2025-04-10 11:10:53 [TestNG-test-Test Case Execution-1] INFO  org.base.ThreadGroupUtils - ThreadGroup Name: Ctaf-userManagement
2025-04-10 11:10:53 [TestNG-test-Test Case Execution-1] INFO  org.base.ThreadGroupUtils - Thread Group name : Ctaf-userManagement
2025-04-10 11:10:53 [TestNG-test-Test Case Execution-1] INFO  org.base.ThreadGroupUtils - Number of the Threads : 5.0
2025-04-10 11:10:53 [TestNG-test-Test Case Execution-1] INFO  org.base.ThreadGroupUtils - Ramp Up count : 10
2025-04-10 11:10:53 [TestNG-test-Test Case Execution-1] INFO  org.base.ThreadGroupUtils - Thread Group added to TestPlan : 
2025-04-10 11:10:53 [TestNG-test-Test Case Execution-1] INFO  org.base.ConfigUtils - Successfully changed the firstName value in to ${username}
2025-04-10 11:10:53 [TestNG-test-Test Case Execution-1] INFO  org.base.ConfigUtils - Successfully changed the lastName value in to ${lastName}
2025-04-10 11:10:53 [TestNG-test-Test Case Execution-1] INFO  org.base.ConfigUtils - Header Manager added : 
2025-04-10 11:10:53 [TestNG-test-Test Case Execution-1] INFO  org.base.Utils - Assertion : false
2025-04-10 11:10:53 [TestNG-test-Test Case Execution-1] INFO  org.base.Utils - response
2025-04-10 11:10:53 [TestNG-test-Test Case Execution-1] INFO  org.base.Utils - timer : false
2025-04-10 11:10:53 [TestNG-test-Test Case Execution-1] INFO  org.base.Utils - Added JSON Extractor to API: signin
2025-04-10 11:10:53 [TestNG-test-Test Case Execution-1] INFO  org.base.Utils - Processing Controller: critical-section
2025-04-10 11:10:53 [TestNG-test-Test Case Execution-1] INFO  org.base.ConfigUtils - Header Manager added : 
2025-04-10 11:10:53 [TestNG-test-Test Case Execution-1] INFO  org.base.Utils - Assertion : false
2025-04-10 11:10:53 [TestNG-test-Test Case Execution-1] INFO  org.base.Utils - response
2025-04-10 11:10:53 [TestNG-test-Test Case Execution-1] INFO  org.base.Utils - timer : false
2025-04-10 11:10:53 [TestNG-test-Test Case Execution-1] INFO  org.base.Utils - Added JSON Extractor to API: create-user
2025-04-10 11:10:53 [TestNG-test-Test Case Execution-1] INFO  org.base.ConfigUtils - Successfully changed the userId value in to ${userid}
2025-04-10 11:10:53 [TestNG-test-Test Case Execution-1] INFO  org.base.ConfigUtils - Header Manager added : 
2025-04-10 11:10:53 [TestNG-test-Test Case Execution-1] INFO  org.base.Utils - Assertion : false
2025-04-10 11:10:53 [TestNG-test-Test Case Execution-1] INFO  org.base.Utils - response
2025-04-10 11:10:53 [TestNG-test-Test Case Execution-1] INFO  org.base.Utils - timer : false
2025-04-10 11:10:53 [TestNG-test-Test Case Execution-1] INFO  org.base.ConfigUtils - Header Manager added : 
2025-04-10 11:10:53 [TestNG-test-Test Case Execution-1] INFO  org.base.Utils - Assertion : false
2025-04-10 11:10:53 [TestNG-test-Test Case Execution-1] INFO  org.base.Utils - response
2025-04-10 11:10:53 [TestNG-test-Test Case Execution-1] INFO  org.base.Utils - timer : false
2025-04-10 11:10:53 [TestNG-test-Test Case Execution-1] INFO  org.base.ConfigUtils - Header Manager added : 
2025-04-10 11:10:53 [TestNG-test-Test Case Execution-1] INFO  org.base.Utils - Assertion : false
2025-04-10 11:10:53 [TestNG-test-Test Case Execution-1] INFO  org.base.Utils - response
2025-04-10 11:10:53 [TestNG-test-Test Case Execution-1] INFO  org.base.Utils - timer : false
2025-04-10 11:10:54 [TestNG-test-Test Case Execution-3] INFO  Influxdb - Starting the Influxdb Server
2025-04-10 11:10:54 [TestNG-test-Test Case Execution-5] INFO  GrafanaDashboard - Grafana dashboard is starting in 20 seconds
2025-04-10 11:10:54 [TestNG-test-Test Case Execution-4] INFO  GrafanaServer - Starting the Grafana Server
2025-04-10 11:10:54 [TestNG-test-Test Case Execution-3] INFO  Influxdb - Influxdb Started Successfully
2025-04-10 11:10:54 [TestNG-test-Test Case Execution-4] INFO  GrafanaServer - Grafana Started
2025-04-10 11:12:26 [TestNG-test-Test Case Execution-2] INFO  JmxFileCreation - Jmeter Execution Ended
2025-04-10 11:12:26 [TestNG-test-Test Case Execution-5] INFO  GrafanaDashboard - Waiting for 5 mins after Jmeter Execution
2025-04-10 11:12:26 [TestNG-test-Test Case Execution-3] INFO  Influxdb - Waiting 5 mins after jmeter execution done
2025-04-10 11:12:26 [TestNG-test-Test Case Execution-4] INFO  GrafanaServer - Waiting 5 mins after jmeter execution done
2025-04-10 11:12:32 [TestNG-test-Test Case Execution-2] INFO  JmxFileCreation - Command exited with code: 0
2025-04-10 11:13:26 [TestNG-test-Test Case Execution-4] INFO  GrafanaServer - Stopping Grafana
2025-04-10 11:13:26 [TestNG-test-Test Case Execution-3] INFO  Influxdb - Stopping Influx
2025-04-10 11:13:26 [TestNG-test-Test Case Execution-3] INFO  Influxdb - Influxd Stopped successfully
2025-04-10 11:13:26 [TestNG-test-Test Case Execution-4] INFO  GrafanaServer - Grafana Server Stopped successfully
2025-04-10 14:58:15 [main] INFO  org.base.Utils - Jmeter is initialised 
2025-04-10 14:58:15 [main] INFO  org.base.Utils - Test Plan added to HashTree : 
2025-04-10 14:58:15 [main] INFO  org.base.Utils - Processing Scenario: Ctaf-userManagement, TPS: 5, Duration: 60, RampUp: 10
2025-04-10 14:58:15 [main] INFO  org.base.ThreadGroupUtils - TPS value: 5.0
2025-04-10 14:58:15 [main] INFO  org.base.ThreadGroupUtils - Duration value: 60
2025-04-10 14:58:15 [main] INFO  org.base.ThreadGroupUtils - RampUp value: 10
2025-04-10 14:58:15 [main] INFO  org.base.ThreadGroupUtils - Loop Count true
2025-04-10 14:58:15 [main] INFO  org.base.ThreadGroupUtils - ThreadGroup Name: Ctaf-userManagement
2025-04-10 14:58:15 [main] INFO  org.base.ThreadGroupUtils - Thread Group name : Ctaf-userManagement
2025-04-10 14:58:15 [main] INFO  org.base.ThreadGroupUtils - Number of the Threads : 5.0
2025-04-10 14:58:15 [main] INFO  org.base.ThreadGroupUtils - Ramp Up count : 10
2025-04-10 14:58:15 [main] INFO  org.base.ThreadGroupUtils - Thread Group added to TestPlan : 
2025-04-10 14:58:15 [main] INFO  org.base.ConfigUtils - Successfully changed the firstName value in to ${username}
2025-04-10 14:58:15 [main] INFO  org.base.ConfigUtils - Successfully changed the lastName value in to ${lastName}
2025-04-10 15:04:59 [main] INFO  org.base.Utils - Jmeter is initialised 
2025-04-10 15:04:59 [main] INFO  org.base.Utils - Test Plan added to HashTree : 
2025-04-10 15:04:59 [main] INFO  org.base.Utils - Processing Scenario: Ctaf-userManagement, TPS: 5, Duration: 60, RampUp: 10
2025-04-10 15:04:59 [main] INFO  org.base.ThreadGroupUtils - TPS value: 5.0
2025-04-10 15:04:59 [main] INFO  org.base.ThreadGroupUtils - Duration value: 60
2025-04-10 15:04:59 [main] INFO  org.base.ThreadGroupUtils - RampUp value: 10
2025-04-10 15:04:59 [main] INFO  org.base.ThreadGroupUtils - Loop Count true
2025-04-10 15:04:59 [main] INFO  org.base.ThreadGroupUtils - ThreadGroup Name: Ctaf-userManagement
2025-04-10 15:04:59 [main] INFO  org.base.ThreadGroupUtils - Thread Group name : Ctaf-userManagement
2025-04-10 15:04:59 [main] INFO  org.base.ThreadGroupUtils - Number of the Threads : 5.0
2025-04-10 15:04:59 [main] INFO  org.base.ThreadGroupUtils - Ramp Up count : 10
2025-04-10 15:04:59 [main] INFO  org.base.ThreadGroupUtils - Thread Group added to TestPlan : 
2025-04-10 15:04:59 [main] INFO  org.base.ConfigUtils - Successfully changed the firstName value in to ${username}
2025-04-10 15:04:59 [main] INFO  org.base.ConfigUtils - Successfully changed the lastName value in to ${lastName}
2025-04-10 15:07:06 [main] INFO  org.base.Utils - Jmeter is initialised 
2025-04-10 15:07:06 [main] INFO  org.base.Utils - Test Plan added to HashTree : 
2025-04-10 15:07:06 [main] INFO  org.base.Utils - Processing Scenario: Ctaf-userManagement, TPS: 5, Duration: 60, RampUp: 10
2025-04-10 15:07:06 [main] INFO  org.base.ThreadGroupUtils - TPS value: 5.0
2025-04-10 15:07:06 [main] INFO  org.base.ThreadGroupUtils - Duration value: 60
2025-04-10 15:07:06 [main] INFO  org.base.ThreadGroupUtils - RampUp value: 10
2025-04-10 15:07:06 [main] INFO  org.base.ThreadGroupUtils - Loop Count true
2025-04-10 15:07:06 [main] INFO  org.base.ThreadGroupUtils - ThreadGroup Name: Ctaf-userManagement
2025-04-10 15:07:06 [main] INFO  org.base.ThreadGroupUtils - Thread Group name : Ctaf-userManagement
2025-04-10 15:07:06 [main] INFO  org.base.ThreadGroupUtils - Number of the Threads : 5.0
2025-04-10 15:07:06 [main] INFO  org.base.ThreadGroupUtils - Ramp Up count : 10
2025-04-10 15:07:06 [main] INFO  org.base.ThreadGroupUtils - Thread Group added to TestPlan : 
2025-04-10 15:07:06 [main] INFO  org.base.ConfigUtils - Successfully changed the firstName value in to ${username}
2025-04-10 15:07:06 [main] INFO  org.base.ConfigUtils - Successfully changed the lastName value in to ${lastName}
2025-04-10 15:07:06 [main] INFO  org.base.ConfigUtils - 1000
2025-04-10 15:07:06 [main] INFO  org.base.ConfigUtils - 1000
2025-04-10 15:10:19 [main] INFO  org.base.Utils - Jmeter is initialised 
2025-04-10 15:10:19 [main] INFO  org.base.Utils - Test Plan added to HashTree : 
2025-04-10 15:10:19 [main] INFO  org.base.Utils - Processing Scenario: Ctaf-userManagement, TPS: 5, Duration: 60, RampUp: 10
2025-04-10 15:10:19 [main] INFO  org.base.ThreadGroupUtils - TPS value: 5.0
2025-04-10 15:10:19 [main] INFO  org.base.ThreadGroupUtils - Duration value: 60
2025-04-10 15:10:19 [main] INFO  org.base.ThreadGroupUtils - RampUp value: 10
2025-04-10 15:10:19 [main] INFO  org.base.ThreadGroupUtils - Loop Count true
2025-04-10 15:10:19 [main] INFO  org.base.ThreadGroupUtils - ThreadGroup Name: Ctaf-userManagement
2025-04-10 15:10:19 [main] INFO  org.base.ThreadGroupUtils - Thread Group name : Ctaf-userManagement
2025-04-10 15:10:19 [main] INFO  org.base.ThreadGroupUtils - Number of the Threads : 5.0
2025-04-10 15:10:19 [main] INFO  org.base.ThreadGroupUtils - Ramp Up count : 10
2025-04-10 15:10:19 [main] INFO  org.base.ThreadGroupUtils - Thread Group added to TestPlan : 
2025-04-10 15:10:19 [main] INFO  org.base.ConfigUtils - Successfully changed the firstName value in to ${username}
2025-04-10 15:10:19 [main] INFO  org.base.ConfigUtils - Successfully changed the lastName value in to ${lastName}
2025-04-10 15:10:19 [main] INFO  org.base.ConfigUtils - 1000
2025-04-10 15:10:19 [main] INFO  org.base.ConfigUtils - 1000
2025-04-10 15:10:19 [main] INFO  org.base.ConfigUtils - Successfully created data
2025-04-10 15:10:19 [main] INFO  org.base.ConfigUtils - Successfully got CSV Variable headers
2025-04-10 15:13:04 [main] INFO  org.base.Utils - Jmeter is initialised 
2025-04-10 15:13:04 [main] INFO  org.base.Utils - Test Plan added to HashTree : 
2025-04-10 15:13:04 [main] INFO  org.base.Utils - Processing Scenario: Ctaf-userManagement, TPS: 5, Duration: 60, RampUp: 10
2025-04-10 15:13:04 [main] INFO  org.base.ThreadGroupUtils - TPS value: 5.0
2025-04-10 15:13:04 [main] INFO  org.base.ThreadGroupUtils - Duration value: 60
2025-04-10 15:13:04 [main] INFO  org.base.ThreadGroupUtils - RampUp value: 10
2025-04-10 15:13:04 [main] INFO  org.base.ThreadGroupUtils - Loop Count true
2025-04-10 15:13:04 [main] INFO  org.base.ThreadGroupUtils - ThreadGroup Name: Ctaf-userManagement
2025-04-10 15:13:04 [main] INFO  org.base.ThreadGroupUtils - Thread Group name : Ctaf-userManagement
2025-04-10 15:13:04 [main] INFO  org.base.ThreadGroupUtils - Number of the Threads : 5.0
2025-04-10 15:13:04 [main] INFO  org.base.ThreadGroupUtils - Ramp Up count : 10
2025-04-10 15:13:04 [main] INFO  org.base.ThreadGroupUtils - Thread Group added to TestPlan : 
2025-04-10 15:13:04 [main] INFO  org.base.ConfigUtils - Successfully changed the firstName value in to ${username}
2025-04-10 15:13:04 [main] INFO  org.base.ConfigUtils - Successfully changed the lastName value in to ${lastName}
2025-04-10 15:13:04 [main] INFO  org.base.ConfigUtils - 1000
2025-04-10 15:13:04 [main] INFO  org.base.ConfigUtils - 1000
2025-04-10 15:13:04 [main] INFO  org.base.ConfigUtils - Successfully created data
2025-04-10 15:13:04 [main] INFO  org.base.ConfigUtils - Successfully got CSV Variable headers
2025-04-10 15:13:05 [main] INFO  org.base.ConfigUtils - Header Manager added : 
2025-04-10 15:13:05 [main] INFO  org.base.Utils - Assertion : false
2025-04-10 15:13:05 [main] INFO  org.base.Utils - response
2025-04-10 15:13:05 [main] INFO  org.base.Utils - timer : false
2025-04-10 15:13:05 [main] INFO  org.base.Utils - Added JSON Extractor to API: signin
2025-04-10 15:13:05 [main] INFO  org.base.Utils - Component added successfully : signin
2025-04-10 15:13:05 [main] INFO  org.base.Utils - Processing Controller: critical-section
2025-04-10 15:13:05 [main] INFO  org.base.ConfigUtils - Header Manager added : 
2025-04-10 15:13:05 [main] INFO  org.base.Utils - Assertion : false
2025-04-10 15:13:05 [main] INFO  org.base.Utils - response
2025-04-10 15:13:05 [main] INFO  org.base.Utils - timer : false
2025-04-10 15:13:05 [main] INFO  org.base.Utils - Added JSON Extractor to API: create-user
2025-04-10 15:13:05 [main] INFO  org.base.ConfigUtils - Successfully changed the userId value in to ${userid}
2025-04-10 15:13:05 [main] INFO  org.base.ConfigUtils - Header Manager added : 
2025-04-10 15:13:05 [main] INFO  org.base.Utils - Assertion : false
2025-04-10 15:13:05 [main] INFO  org.base.Utils - response
2025-04-10 15:13:05 [main] INFO  org.base.Utils - timer : false
2025-04-10 15:13:05 [main] INFO  org.base.ConfigUtils - Header Manager added : 
2025-04-10 15:13:05 [main] INFO  org.base.Utils - Assertion : false
2025-04-10 15:13:05 [main] INFO  org.base.Utils - response
2025-04-10 15:13:05 [main] INFO  org.base.Utils - timer : false
2025-04-10 15:13:05 [main] INFO  org.base.Utils - Component added successfully : userOperations
2025-04-10 15:13:05 [main] INFO  org.base.ConfigUtils - Header Manager added : 
2025-04-10 15:13:05 [main] INFO  org.base.Utils - Assertion : false
2025-04-10 15:13:05 [main] INFO  org.base.Utils - response
2025-04-10 15:13:05 [main] INFO  org.base.Utils - timer : false
2025-04-10 15:13:05 [main] INFO  org.base.Utils - Component added successfully : logout
2025-04-10 15:22:53 [TestNG-test-Test Case Execution-1] INFO  org.base.Utils - Jmeter is initialised 
2025-04-10 15:22:53 [TestNG-test-Test Case Execution-1] INFO  JmxFileCreation - Payload File: payload/Ctaf-21.postman_collection.json
2025-04-10 15:22:53 [TestNG-test-Test Case Execution-1] INFO  JmxFileCreation - Test Plan Name: Ctaf-21
2025-04-10 15:22:53 [TestNG-test-Test Case Execution-1] INFO  org.base.Utils - Test Plan added to HashTree : 
2025-04-10 15:22:53 [TestNG-test-Test Case Execution-1] INFO  JmxFileCreation - Test plan is added to the tree
2025-04-10 15:22:53 [TestNG-test-Test Case Execution-1] INFO  org.base.Utils - Processing Scenario: Ctaf-userManagement, TPS: 5, Duration: 60, RampUp: 10
2025-04-10 15:22:53 [TestNG-test-Test Case Execution-1] INFO  org.base.ThreadGroupUtils - TPS value: 5.0
2025-04-10 15:22:53 [TestNG-test-Test Case Execution-1] INFO  org.base.ThreadGroupUtils - Duration value: 60
2025-04-10 15:22:53 [TestNG-test-Test Case Execution-1] INFO  org.base.ThreadGroupUtils - RampUp value: 10
2025-04-10 15:22:53 [TestNG-test-Test Case Execution-1] INFO  org.base.ThreadGroupUtils - Loop Count true
2025-04-10 15:22:53 [TestNG-test-Test Case Execution-1] INFO  org.base.ThreadGroupUtils - ThreadGroup Name: Ctaf-userManagement
2025-04-10 15:22:53 [TestNG-test-Test Case Execution-1] INFO  org.base.ThreadGroupUtils - Thread Group name : Ctaf-userManagement
2025-04-10 15:22:53 [TestNG-test-Test Case Execution-1] INFO  org.base.ThreadGroupUtils - Number of the Threads : 5.0
2025-04-10 15:22:53 [TestNG-test-Test Case Execution-1] INFO  org.base.ThreadGroupUtils - Ramp Up count : 10
2025-04-10 15:22:53 [TestNG-test-Test Case Execution-1] INFO  org.base.ThreadGroupUtils - Thread Group added to TestPlan : 
2025-04-10 15:22:53 [TestNG-test-Test Case Execution-1] INFO  org.base.ConfigUtils - Successfully changed the firstName value in to ${username}
2025-04-10 15:22:53 [TestNG-test-Test Case Execution-1] INFO  org.base.ConfigUtils - Successfully changed the lastName value in to ${lastName}
2025-04-10 15:22:53 [TestNG-test-Test Case Execution-1] INFO  org.base.ConfigUtils - 1000
2025-04-10 15:22:53 [TestNG-test-Test Case Execution-1] INFO  org.base.ConfigUtils - 1000
2025-04-10 15:22:53 [TestNG-test-Test Case Execution-1] INFO  org.base.ConfigUtils - Successfully created data
2025-04-10 15:22:53 [TestNG-test-Test Case Execution-1] INFO  org.base.ConfigUtils - Successfully got CSV Variable headers
2025-04-10 15:22:53 [TestNG-test-Test Case Execution-1] INFO  org.base.ConfigUtils - Header Manager added : 
2025-04-10 15:22:53 [TestNG-test-Test Case Execution-1] INFO  org.base.Utils - Assertion : false
2025-04-10 15:22:53 [TestNG-test-Test Case Execution-1] INFO  org.base.Utils - response
2025-04-10 15:22:53 [TestNG-test-Test Case Execution-1] INFO  org.base.Utils - timer : false
2025-04-10 15:22:53 [TestNG-test-Test Case Execution-1] INFO  org.base.Utils - Added JSON Extractor to API: signin
2025-04-10 15:22:53 [TestNG-test-Test Case Execution-1] INFO  org.base.Utils - Component added successfully : signin
2025-04-10 15:22:53 [TestNG-test-Test Case Execution-1] INFO  org.base.Utils - Processing Controller: critical-section
2025-04-10 15:22:54 [TestNG-test-Test Case Execution-1] INFO  org.base.ConfigUtils - Header Manager added : 
2025-04-10 15:22:54 [TestNG-test-Test Case Execution-1] INFO  org.base.Utils - Assertion : false
2025-04-10 15:22:54 [TestNG-test-Test Case Execution-1] INFO  org.base.Utils - response
2025-04-10 15:22:54 [TestNG-test-Test Case Execution-1] INFO  org.base.Utils - timer : false
2025-04-10 15:22:54 [TestNG-test-Test Case Execution-1] INFO  org.base.Utils - Added JSON Extractor to API: create-user
2025-04-10 15:22:54 [TestNG-test-Test Case Execution-1] INFO  org.base.ConfigUtils - Successfully changed the userId value in to ${userid}
2025-04-10 15:22:54 [TestNG-test-Test Case Execution-1] INFO  org.base.ConfigUtils - Header Manager added : 
2025-04-10 15:22:54 [TestNG-test-Test Case Execution-1] INFO  org.base.Utils - Assertion : false
2025-04-10 15:22:54 [TestNG-test-Test Case Execution-1] INFO  org.base.Utils - response
2025-04-10 15:22:54 [TestNG-test-Test Case Execution-1] INFO  org.base.Utils - timer : false
2025-04-10 15:22:54 [TestNG-test-Test Case Execution-1] INFO  org.base.ConfigUtils - Header Manager added : 
2025-04-10 15:22:54 [TestNG-test-Test Case Execution-1] INFO  org.base.Utils - Assertion : false
2025-04-10 15:22:54 [TestNG-test-Test Case Execution-1] INFO  org.base.Utils - response
2025-04-10 15:22:54 [TestNG-test-Test Case Execution-1] INFO  org.base.Utils - timer : false
2025-04-10 15:22:54 [TestNG-test-Test Case Execution-1] INFO  org.base.Utils - Component added successfully : userOperations
2025-04-10 15:22:54 [TestNG-test-Test Case Execution-1] INFO  org.base.ConfigUtils - Header Manager added : 
2025-04-10 15:22:54 [TestNG-test-Test Case Execution-1] INFO  org.base.Utils - Assertion : false
2025-04-10 15:22:54 [TestNG-test-Test Case Execution-1] INFO  org.base.Utils - response
2025-04-10 15:22:54 [TestNG-test-Test Case Execution-1] INFO  org.base.Utils - timer : false
2025-04-10 15:22:54 [TestNG-test-Test Case Execution-1] INFO  org.base.Utils - Component added successfully : logout
2025-04-10 15:22:54 [TestNG-test-Test Case Execution-3] INFO  Influxdb - Starting the Influxdb Server
2025-04-10 15:22:54 [TestNG-test-Test Case Execution-4] INFO  GrafanaServer - Starting the Grafana Server
2025-04-10 15:22:54 [TestNG-test-Test Case Execution-5] INFO  GrafanaDashboard - Grafana dashboard is starting in 20 seconds
2025-04-10 15:23:00 [TestNG-test-Test Case Execution-3] INFO  Influxdb - Influxdb Started Successfully
2025-04-10 15:23:01 [TestNG-test-Test Case Execution-4] INFO  GrafanaServer - Grafana Started
2025-04-10 15:24:27 [TestNG-test-Test Case Execution-2] INFO  JmxFileCreation - Jmeter Execution Ended
2025-04-10 15:24:27 [TestNG-test-Test Case Execution-3] INFO  Influxdb - Waiting 5 mins after jmeter execution done
2025-04-10 15:24:27 [TestNG-test-Test Case Execution-4] INFO  GrafanaServer - Waiting 5 mins after jmeter execution done
2025-04-10 15:24:27 [TestNG-test-Test Case Execution-5] INFO  GrafanaDashboard - Waiting for 5 mins after Jmeter Execution
2025-04-10 15:24:34 [TestNG-test-Test Case Execution-2] INFO  JmxFileCreation - Command exited with code: 0
2025-04-10 15:25:27 [TestNG-test-Test Case Execution-3] INFO  Influxdb - Stopping Influx
2025-04-10 15:25:27 [TestNG-test-Test Case Execution-4] INFO  GrafanaServer - Stopping Grafana
2025-04-10 15:25:27 [TestNG-test-Test Case Execution-3] INFO  Influxdb - Influxd Stopped successfully
2025-04-10 15:25:28 [TestNG-test-Test Case Execution-4] INFO  GrafanaServer - Grafana Server Stopped successfully
2025-04-10 15:40:25 [TestNG-test-Test Case Execution-1] INFO  org.base.Utils - Jmeter is initialised 
2025-04-10 15:40:25 [TestNG-test-Test Case Execution-1] INFO  JmxFileCreation - Payload File: payload/Ctaf-21.postman_collection.json
2025-04-10 15:40:25 [TestNG-test-Test Case Execution-1] INFO  JmxFileCreation - Test Plan Name: Ctaf-21
2025-04-10 15:40:25 [TestNG-test-Test Case Execution-1] INFO  org.base.Utils - Test Plan added to HashTree : 
2025-04-10 15:40:25 [TestNG-test-Test Case Execution-1] INFO  JmxFileCreation - Test plan is added to the tree
2025-04-10 15:40:25 [TestNG-test-Test Case Execution-1] INFO  org.base.Utils - Processing Scenario: Ctaf-userManagement, TPS: 5, Duration: 60, RampUp: 1
2025-04-10 15:40:25 [TestNG-test-Test Case Execution-1] INFO  org.base.ThreadGroupUtils - TPS value: 5.0
2025-04-10 15:40:25 [TestNG-test-Test Case Execution-1] INFO  org.base.ThreadGroupUtils - Duration value: 60
2025-04-10 15:40:25 [TestNG-test-Test Case Execution-1] INFO  org.base.ThreadGroupUtils - RampUp value: 1
2025-04-10 15:40:25 [TestNG-test-Test Case Execution-1] INFO  org.base.ThreadGroupUtils - Loop Count true
2025-04-10 15:40:25 [TestNG-test-Test Case Execution-1] INFO  org.base.ThreadGroupUtils - ThreadGroup Name: Ctaf-userManagement
2025-04-10 15:40:25 [TestNG-test-Test Case Execution-1] INFO  org.base.ThreadGroupUtils - Thread Group name : Ctaf-userManagement
2025-04-10 15:40:25 [TestNG-test-Test Case Execution-1] INFO  org.base.ThreadGroupUtils - Number of the Threads : 5.0
2025-04-10 15:40:25 [TestNG-test-Test Case Execution-1] INFO  org.base.ThreadGroupUtils - Ramp Up count : 1
2025-04-10 15:40:25 [TestNG-test-Test Case Execution-1] INFO  org.base.ThreadGroupUtils - Thread Group added to TestPlan : 
2025-04-10 15:40:25 [TestNG-test-Test Case Execution-1] INFO  org.base.ConfigUtils - Successfully changed the firstName value in to ${username}
2025-04-10 15:40:25 [TestNG-test-Test Case Execution-1] INFO  org.base.ConfigUtils - Successfully changed the lastName value in to ${lastName}
2025-04-10 15:40:25 [TestNG-test-Test Case Execution-1] INFO  org.base.ConfigUtils - 1000
2025-04-10 15:40:25 [TestNG-test-Test Case Execution-1] INFO  org.base.ConfigUtils - 1000
2025-04-10 15:40:25 [TestNG-test-Test Case Execution-1] INFO  org.base.ConfigUtils - Successfully created data
2025-04-10 15:40:25 [TestNG-test-Test Case Execution-1] INFO  org.base.ConfigUtils - Successfully got CSV Variable headers
2025-04-10 15:40:25 [TestNG-test-Test Case Execution-1] INFO  org.base.ConfigUtils - Header Manager added : 
2025-04-10 15:40:25 [TestNG-test-Test Case Execution-1] INFO  org.base.Utils - Assertion : false
2025-04-10 15:40:25 [TestNG-test-Test Case Execution-1] INFO  org.base.Utils - response
2025-04-10 15:40:25 [TestNG-test-Test Case Execution-1] INFO  org.base.Utils - timer : false
2025-04-10 15:40:25 [TestNG-test-Test Case Execution-1] INFO  org.base.Utils - Added JSON Extractor to API: signin
2025-04-10 15:40:25 [TestNG-test-Test Case Execution-1] INFO  org.base.Utils - Component added successfully : signin
2025-04-10 15:40:25 [TestNG-test-Test Case Execution-1] INFO  org.base.Utils - Processing Controller: critical-section
2025-04-10 15:40:25 [TestNG-test-Test Case Execution-1] INFO  org.base.ConfigUtils - Header Manager added : 
2025-04-10 15:40:25 [TestNG-test-Test Case Execution-1] INFO  org.base.Utils - Assertion : false
2025-04-10 15:40:25 [TestNG-test-Test Case Execution-1] INFO  org.base.Utils - response
2025-04-10 15:40:25 [TestNG-test-Test Case Execution-1] INFO  org.base.Utils - timer : false
2025-04-10 15:40:25 [TestNG-test-Test Case Execution-1] INFO  org.base.Utils - Added JSON Extractor to API: create-user
2025-04-10 15:40:25 [TestNG-test-Test Case Execution-1] INFO  org.base.ConfigUtils - Successfully changed the userId value in to ${userid}
2025-04-10 15:40:25 [TestNG-test-Test Case Execution-1] INFO  org.base.ConfigUtils - Header Manager added : 
2025-04-10 15:40:25 [TestNG-test-Test Case Execution-1] INFO  org.base.Utils - Assertion : false
2025-04-10 15:40:25 [TestNG-test-Test Case Execution-1] INFO  org.base.Utils - response
2025-04-10 15:40:25 [TestNG-test-Test Case Execution-1] INFO  org.base.Utils - timer : false
2025-04-10 15:40:25 [TestNG-test-Test Case Execution-1] INFO  org.base.ConfigUtils - Header Manager added : 
2025-04-10 15:40:25 [TestNG-test-Test Case Execution-1] INFO  org.base.Utils - Assertion : false
2025-04-10 15:40:25 [TestNG-test-Test Case Execution-1] INFO  org.base.Utils - response
2025-04-10 15:40:25 [TestNG-test-Test Case Execution-1] INFO  org.base.Utils - timer : false
2025-04-10 15:40:25 [TestNG-test-Test Case Execution-1] INFO  org.base.Utils - Component added successfully : userOperations
2025-04-10 15:40:25 [TestNG-test-Test Case Execution-1] INFO  org.base.ConfigUtils - Header Manager added : 
2025-04-10 15:40:25 [TestNG-test-Test Case Execution-1] INFO  org.base.Utils - Assertion : false
2025-04-10 15:40:25 [TestNG-test-Test Case Execution-1] INFO  org.base.Utils - response
2025-04-10 15:40:25 [TestNG-test-Test Case Execution-1] INFO  org.base.Utils - timer : false
2025-04-10 15:40:25 [TestNG-test-Test Case Execution-1] INFO  org.base.Utils - Component added successfully : logout
2025-04-10 15:40:27 [TestNG-test-Test Case Execution-4] INFO  GrafanaServer - Starting the Grafana Server
2025-04-10 15:40:27 [TestNG-test-Test Case Execution-3] INFO  Influxdb - Starting the Influxdb Server
2025-04-10 15:40:27 [TestNG-test-Test Case Execution-5] INFO  GrafanaDashboard - Grafana dashboard is starting in 20 seconds
2025-04-10 15:40:27 [TestNG-test-Test Case Execution-3] INFO  Influxdb - Influxdb Started Successfully
2025-04-10 15:40:27 [TestNG-test-Test Case Execution-4] INFO  GrafanaServer - Grafana Started
2025-04-10 15:41:54 [TestNG-test-Test Case Execution-2] INFO  JmxFileCreation - Jmeter Execution Ended
2025-04-10 15:41:54 [TestNG-test-Test Case Execution-3] INFO  Influxdb - Waiting 5 mins after jmeter execution done
2025-04-10 15:41:54 [TestNG-test-Test Case Execution-4] INFO  GrafanaServer - Waiting 5 mins after jmeter execution done
2025-04-10 15:41:54 [TestNG-test-Test Case Execution-5] INFO  GrafanaDashboard - Waiting for 5 mins after Jmeter Execution
2025-04-10 15:42:00 [TestNG-test-Test Case Execution-2] INFO  JmxFileCreation - Command exited with code: 0
2025-04-10 15:42:54 [TestNG-test-Test Case Execution-4] INFO  GrafanaServer - Stopping Grafana
2025-04-10 15:42:54 [TestNG-test-Test Case Execution-3] INFO  Influxdb - Stopping Influx
2025-04-10 15:42:54 [TestNG-test-Test Case Execution-3] INFO  Influxdb - Influxd Stopped successfully
2025-04-10 15:42:54 [TestNG-test-Test Case Execution-4] INFO  GrafanaServer - Grafana Server Stopped successfully
