2025-02-21 13:21:03,852 INFO o.a.j.u.JMeterUtils: Setting Locale to en_EN
2025-02-21 13:21:03,909 INFO o.a.j.JMeter: Loading user properties from: D:\Softwares\apache-jmeter-5.6.3\bin\user.properties
2025-02-21 13:21:03,911 INFO o.a.j.JMeter: Loading system properties from: D:\Softwares\apache-jmeter-5.6.3\bin\system.properties
2025-02-21 13:21:03,927 INFO o.a.j.JMeter: Copyright (c) 1998-2024 The Apache Software Foundation
2025-02-21 13:21:03,927 INFO o.a.j.JMeter: Version 5.6.3
2025-02-21 13:21:03,927 INFO o.a.j.JMeter: java.version=21.0.4
2025-02-21 13:21:03,927 INFO o.a.j.JMeter: java.vm.name=Java HotSpot(TM) 64-Bit Server VM
2025-02-21 13:21:03,927 INFO o.a.j.JMeter: os.name=Windows 10
2025-02-21 13:21:03,927 INFO o.a.j.JMeter: os.arch=amd64
2025-02-21 13:21:03,927 INFO o.a.j.JMeter: os.version=10.0
2025-02-21 13:21:03,928 INFO o.a.j.JMeter: file.encoding=UTF-8
2025-02-21 13:21:03,928 INFO o.a.j.JMeter: java.awt.headless=true
2025-02-21 13:21:03,928 INFO o.a.j.JMeter: Max memory     =1073741824
2025-02-21 13:21:03,929 INFO o.a.j.JMeter: Available Processors =8
2025-02-21 13:21:03,956 INFO o.a.j.JMeter: Default Locale=English (EN)
2025-02-21 13:21:03,956 INFO o.a.j.JMeter: JMeter  Locale=English (EN)
2025-02-21 13:21:03,957 INFO o.a.j.JMeter: JMeterHome=D:\Softwares\apache-jmeter-5.6.3
2025-02-21 13:21:03,957 INFO o.a.j.JMeter: user.dir  =D:\github\PT_Jmeter\JmeterTestNGTesting
2025-02-21 13:21:03,959 INFO o.a.j.JMeter: PWD       =D:\github\PT_Jmeter\JmeterTestNGTesting
2025-02-21 13:21:03,961 INFO o.a.j.JMeter: IP: 192.168.110.198 Name: KannanPattabiraman FullName: KannanPattabiraman.covalensedigital.net
2025-02-21 13:21:04,001 INFO o.a.j.JMeter: Setting property 'jmeter.reportgenerator.outputdir' to:'D:\github\PT_Jmeter\JmeterTestNGTesting\target\jmeterReports\20250221_132100'
2025-02-21 13:21:04,007 INFO o.a.j.s.FileServer: Default base='D:\github\PT_Jmeter\JmeterTestNGTesting'
2025-02-21 13:21:04,010 INFO o.a.j.s.FileServer: Set new base='D:\github\PT_Jmeter\JmeterTestNGTesting\target\jmxFiles'
2025-02-21 13:21:04,533 INFO o.a.j.s.SaveService: Testplan (JMX) version: 2.2. Testlog (JTL) version: 2.2
2025-02-21 13:21:04,625 INFO o.a.j.s.SaveService: Using SaveService properties version 5.0
2025-02-21 13:21:04,633 INFO o.a.j.s.SaveService: Using SaveService properties file encoding UTF-8
2025-02-21 13:21:04,642 INFO o.a.j.s.SaveService: Loading file: target\jmxFiles\Ctaf-21_20250221_132059.jmx
2025-02-21 13:21:04,739 INFO o.a.j.p.h.c.CookieManager: Settings: Delete null: true Check: true Allow variable: true Save: false Prefix: COOKIE_
2025-02-21 13:21:04,749 INFO o.a.j.p.h.c.CacheManager: Will only cache the following methods: [GET]
2025-02-21 13:21:04,827 INFO o.a.j.p.h.s.HTTPSamplerBase: Parser for text/html is org.apache.jmeter.protocol.http.parser.LagartoBasedHtmlParser
2025-02-21 13:21:04,827 INFO o.a.j.p.h.s.HTTPSamplerBase: Parser for application/xhtml+xml is org.apache.jmeter.protocol.http.parser.LagartoBasedHtmlParser
2025-02-21 13:21:04,828 INFO o.a.j.p.h.s.HTTPSamplerBase: Parser for application/xml is org.apache.jmeter.protocol.http.parser.LagartoBasedHtmlParser
2025-02-21 13:21:04,828 INFO o.a.j.p.h.s.HTTPSamplerBase: Parser for text/xml is org.apache.jmeter.protocol.http.parser.LagartoBasedHtmlParser
2025-02-21 13:21:04,828 INFO o.a.j.p.h.s.HTTPSamplerBase: Parser for text/vnd.wap.wml is org.apache.jmeter.protocol.http.parser.RegexpHTMLParser
2025-02-21 13:21:04,828 INFO o.a.j.p.h.s.HTTPSamplerBase: Parser for text/css is org.apache.jmeter.protocol.http.parser.CssParser
2025-02-21 13:21:04,904 INFO o.a.j.JMeter: Creating summariser <summary>
2025-02-21 13:21:04,933 INFO o.a.j.r.d.ReportGenerator: ReportGenerator will use for Parsing the separator: ','
2025-02-21 13:21:04,934 INFO o.a.j.r.d.ReportGenerator: Will generate report at end of test from  results file: target/jmeterLogs/20250221_132100.jtl
2025-02-21 13:21:04,935 INFO o.a.j.r.d.ReportGenerator: Reading report generator properties from: D:\Softwares\apache-jmeter-5.6.3\bin\reportgenerator.properties
2025-02-21 13:21:04,944 INFO o.a.j.r.d.ReportGenerator: Merging with JMeter properties
2025-02-21 13:21:04,954 INFO o.a.j.r.c.ReportGeneratorConfiguration: Property 'jmeter.reportgenerator.temp_dir' not found, using default value 'temp' instead.
2025-02-21 13:21:04,959 INFO o.a.j.r.c.ReportGeneratorConfiguration: Property 'jmeter.reportgenerator.apdex_per_transaction' not found, using default value 'null' instead.
2025-02-21 13:21:04,959 INFO o.a.j.r.c.ReportGeneratorConfiguration: apdex_per_transaction is empty, not APDEX per transaction customization
2025-02-21 13:21:04,959 INFO o.a.j.r.c.ReportGeneratorConfiguration: Property 'jmeter.reportgenerator.sample_filter' not found, using default value 'null' instead.
2025-02-21 13:21:04,960 INFO o.a.j.r.c.ReportGeneratorConfiguration: Property 'jmeter.reportgenerator.report_title' not found, using default value 'null' instead.
2025-02-21 13:21:04,960 INFO o.a.j.r.c.ReportGeneratorConfiguration: Property 'jmeter.reportgenerator.start_date' not found, using default value 'null' instead.
2025-02-21 13:21:04,960 INFO o.a.j.r.c.ReportGeneratorConfiguration: Property 'jmeter.reportgenerator.end_date' not found, using default value 'null' instead.
2025-02-21 13:21:04,960 INFO o.a.j.r.c.ReportGeneratorConfiguration: Property 'jmeter.reportgenerator.date_format' not found, using default value 'null' instead.
2025-02-21 13:21:04,961 INFO o.a.j.r.c.ReportGeneratorConfiguration: Will use date range start date: null, end date: null
2025-02-21 13:21:04,970 INFO o.a.j.r.c.ReportGeneratorConfiguration: Property 'jmeter.reportgenerator.graph.totalTPS.exclude_controllers' not found, using default value 'false' instead.
2025-02-21 13:21:04,970 INFO o.a.j.r.c.ReportGeneratorConfiguration: Property 'jmeter.reportgenerator.graph.activeThreadsOverTime.exclude_controllers' not found, using default value 'false' instead.
2025-02-21 13:21:04,971 INFO o.a.j.r.c.ReportGeneratorConfiguration: Property 'jmeter.reportgenerator.graph.timeVsThreads.exclude_controllers' not found, using default value 'false' instead.
2025-02-21 13:21:04,971 INFO o.a.j.r.c.ReportGeneratorConfiguration: Property 'jmeter.reportgenerator.graph.responseTimeDistribution.exclude_controllers' not found, using default value 'false' instead.
2025-02-21 13:21:04,971 INFO o.a.j.r.c.ReportGeneratorConfiguration: Property 'jmeter.reportgenerator.graph.transactionsPerSecond.exclude_controllers' not found, using default value 'false' instead.
2025-02-21 13:21:04,971 INFO o.a.j.r.c.ReportGeneratorConfiguration: Property 'jmeter.reportgenerator.graph.responseTimePercentiles.exclude_controllers' not found, using default value 'false' instead.
2025-02-21 13:21:04,972 INFO o.a.j.r.c.ReportGeneratorConfiguration: Property 'jmeter.reportgenerator.graph.responseTimePercentilesOverTime.exclude_controllers' not found, using default value 'false' instead.
2025-02-21 13:21:04,972 INFO o.a.j.r.c.ReportGeneratorConfiguration: Property 'jmeter.reportgenerator.graph.responseTimesOverTime.exclude_controllers' not found, using default value 'false' instead.
2025-02-21 13:21:04,973 INFO o.a.j.r.c.ReportGeneratorConfiguration: Property 'jmeter.reportgenerator.graph.connectTimeOverTime.exclude_controllers' not found, using default value 'false' instead.
2025-02-21 13:21:04,973 INFO o.a.j.r.c.ReportGeneratorConfiguration: Property 'jmeter.reportgenerator.graph.latenciesOverTime.exclude_controllers' not found, using default value 'false' instead.
2025-02-21 13:21:04,975 INFO o.a.j.r.c.ReportGeneratorConfiguration: Property 'jmeter.reportgenerator.exporter.json.filters_only_sample_series' not found, using default value 'true' instead.
2025-02-21 13:21:04,975 INFO o.a.j.r.c.ReportGeneratorConfiguration: Property 'jmeter.reportgenerator.exporter.json.series_filter' not found, using default value '' instead.
2025-02-21 13:21:04,976 INFO o.a.j.r.c.ReportGeneratorConfiguration: Property 'jmeter.reportgenerator.exporter.json.show_controllers_only' not found, using default value 'false' instead.
2025-02-21 13:21:04,976 INFO o.a.j.r.c.ReportGeneratorConfiguration: Property 'jmeter.reportgenerator.exporter.html.filters_only_sample_series' not found, using default value 'true' instead.
2025-02-21 13:21:04,977 INFO o.a.j.r.c.ReportGeneratorConfiguration: Property 'jmeter.reportgenerator.exporter.html.series_filter' not found, using default value '' instead.
2025-02-21 13:21:04,977 INFO o.a.j.r.c.ReportGeneratorConfiguration: Property 'jmeter.reportgenerator.exporter.html.show_controllers_only' not found, using default value 'false' instead.
2025-02-21 13:21:05,012 INFO o.a.j.e.StandardJMeterEngine: Running the test!
2025-02-21 13:21:05,014 INFO o.a.j.s.SampleEvent: List of sample_variables: []
2025-02-21 13:21:05,014 INFO o.a.j.s.SampleEvent: List of sample_variables: []
2025-02-21 13:21:05,029 INFO o.a.j.e.u.CompoundVariable: Note: Function class names must contain the string: '.functions.'
2025-02-21 13:21:05,029 INFO o.a.j.e.u.CompoundVariable: Note: Function class names must not contain the string: '.gui.'
2025-02-21 13:21:05,189 INFO o.a.j.r.ClassFinder: Will scan jar D:\Softwares\apache-jmeter-5.6.3\lib\ext\jmeter-plugins-graphs-basic-2.0.jar with filter ExtendsClassFilter [parents=[interface org.apache.jmeter.functions.Function], inner=false, contains=null, notContains=null]. Consider exposing JMeter plugins via META-INF/services, and add JMeter-Skip-Class-Scanning=true manifest attribute so JMeter can skip classfile scanning
2025-02-21 13:21:05,201 INFO o.a.j.r.ClassFinder: Will scan jar D:\Softwares\apache-jmeter-5.6.3\lib\ext\jmeter-plugins-casutg-2.10.jar with filter ExtendsClassFilter [parents=[interface org.apache.jmeter.functions.Function], inner=false, contains=null, notContains=null]. Consider exposing JMeter plugins via META-INF/services, and add JMeter-Skip-Class-Scanning=true manifest attribute so JMeter can skip classfile scanning
2025-02-21 13:21:05,229 INFO o.a.j.r.ClassFinder: Will scan jar D:\Softwares\apache-jmeter-5.6.3\lib\ext\jmeter-plugins-manager-1.10.jar with filter ExtendsClassFilter [parents=[interface org.apache.jmeter.functions.Function], inner=false, contains=null, notContains=null]. Consider exposing JMeter plugins via META-INF/services, and add JMeter-Skip-Class-Scanning=true manifest attribute so JMeter can skip classfile scanning
2025-02-21 13:21:05,476 INFO o.a.j.r.ClassFinder: Will scan jar D:\Softwares\apache-jmeter-5.6.3\lib\ext\jmeter-parallel-0.12.jar with filter ExtendsClassFilter [parents=[interface org.apache.jmeter.functions.Function], inner=false, contains=null, notContains=null]. Consider exposing JMeter plugins via META-INF/services, and add JMeter-Skip-Class-Scanning=true manifest attribute so JMeter can skip classfile scanning
2025-02-21 13:21:05,605 INFO o.a.j.JMeter: Running test (1740124265605)
2025-02-21 13:21:05,639 INFO o.a.j.e.StandardJMeterEngine: Starting ThreadGroup: 1 : Scenario1
2025-02-21 13:21:05,639 INFO o.a.j.e.StandardJMeterEngine: Starting 1 threads for group Scenario1.
2025-02-21 13:21:05,639 INFO o.a.j.e.StandardJMeterEngine: Thread will continue on error
2025-02-21 13:21:05,640 INFO o.a.j.t.ThreadGroup: Starting thread group... number=1 threads=1 ramp-up=0 delayedStart=false
2025-02-21 13:21:05,648 INFO o.a.j.t.ThreadGroup: Started thread group number 1
2025-02-21 13:21:05,648 INFO o.a.j.e.StandardJMeterEngine: Starting ThreadGroup: 2 : Scenario2
2025-02-21 13:21:05,648 INFO o.a.j.e.StandardJMeterEngine: Starting 5 threads for group Scenario2.
2025-02-21 13:21:05,648 INFO o.a.j.e.StandardJMeterEngine: Thread will continue on error
2025-02-21 13:21:05,648 INFO o.a.j.t.ThreadGroup: Starting thread group... number=2 threads=5 ramp-up=1 delayedStart=false
2025-02-21 13:21:05,660 INFO o.a.j.t.ThreadGroup: Started thread group number 2
2025-02-21 13:21:05,660 INFO o.a.j.e.StandardJMeterEngine: All thread groups have been started
2025-02-21 13:21:05,845 INFO o.a.j.t.JMeterThread: Thread started: Scenario1 1-1
2025-02-21 13:21:05,851 INFO o.a.j.s.FileServer: Stored: csvFiles/Scenario1.csv
2025-02-21 13:21:05,851 INFO o.a.j.s.SampleResult: Note: Sample TimeStamps are START times
2025-02-21 13:21:05,852 INFO o.a.j.s.SampleResult: sampleresult.default.encoding is set to UTF-8
2025-02-21 13:21:05,852 INFO o.a.j.s.SampleResult: sampleresult.useNanoTime=true
2025-02-21 13:21:05,852 INFO o.a.j.s.SampleResult: sampleresult.nanoThreadSleep=5000
2025-02-21 13:21:05,854 INFO o.a.j.t.JMeterThread: Thread started: Scenario2 2-1
2025-02-21 13:21:05,897 INFO o.a.j.s.FileServer: Stored: csvFiles/Scenario2.csv
2025-02-21 13:21:05,925 INFO o.a.j.p.h.s.HTTPHCAbstractImpl: Local host = KannanPattabiraman
2025-02-21 13:21:05,935 INFO o.a.j.p.h.s.HTTPHC4Impl: HTTP request retry count = 0
2025-02-21 13:21:06,053 INFO o.a.j.t.JMeterThread: Thread started: Scenario2 2-2
2025-02-21 13:21:06,251 INFO o.a.j.t.JMeterThread: Thread started: Scenario2 2-3
2025-02-21 13:21:06,449 INFO o.a.j.t.JMeterThread: Thread started: Scenario2 2-4
2025-02-21 13:21:06,645 INFO o.a.j.t.JMeterThread: Thread started: Scenario2 2-5
2025-02-21 13:21:27,129 INFO o.a.j.t.JMeterThread: Stopping because end time detected by thread: Scenario2 2-2
2025-02-21 13:21:27,129 INFO o.a.j.t.JMeterThread: Stopping because end time detected by thread: Scenario2 2-1
2025-02-21 13:21:27,130 INFO o.a.j.t.JMeterThread: Thread finished: Scenario2 2-1
2025-02-21 13:21:27,130 INFO o.a.j.t.JMeterThread: Thread finished: Scenario2 2-2
2025-02-21 13:21:27,163 INFO o.a.j.t.JMeterThread: Stopping because end time detected by thread: Scenario1 1-1
2025-02-21 13:21:27,164 INFO o.a.j.t.JMeterThread: Thread finished: Scenario1 1-1
2025-02-21 13:21:27,281 INFO o.a.j.t.JMeterThread: Stopping because end time detected by thread: Scenario2 2-3
2025-02-21 13:21:27,281 INFO o.a.j.t.JMeterThread: Thread finished: Scenario2 2-3
2025-02-21 13:21:27,499 INFO o.a.j.t.JMeterThread: Stopping because end time detected by thread: Scenario2 2-4
2025-02-21 13:21:27,500 INFO o.a.j.t.JMeterThread: Thread finished: Scenario2 2-4
2025-02-21 13:21:27,687 INFO o.a.j.t.JMeterThread: Stopping because end time detected by thread: Scenario2 2-5
2025-02-21 13:21:27,688 INFO o.a.j.t.JMeterThread: Thread finished: Scenario2 2-5
2025-02-21 13:21:27,688 INFO o.a.j.e.StandardJMeterEngine: Notifying test listeners of end of test
2025-02-21 13:21:27,688 INFO o.a.j.s.FileServer: Close: csvFiles/Scenario2.csv
2025-02-21 13:21:27,691 INFO o.a.j.s.FileServer: Close: csvFiles/Scenario1.csv
2025-02-21 13:21:27,694 INFO o.a.j.r.Summariser: summary =      6 in 00:00:22 =    0.3/s Avg: 21081 Min: 21029 Max: 21218 Err:     6 (100.00%)
2025-02-21 13:21:27,695 INFO o.a.j.JMeter: Generating Dashboard
2025-02-21 13:21:27,695 INFO o.a.j.r.d.ReportGenerator: Flushing result collector before report Generation
2025-02-21 13:21:27,711 INFO o.a.j.r.p.NormalizerSampleConsumer: Using format, 'ms', to parse timeStamp field
2025-02-21 13:21:27,889 INFO o.a.j.r.p.AbstractSampleConsumer: class org.apache.jmeter.report.processor.AggregateConsumer#stopProducing(): beginDate produced 0 samples
2025-02-21 13:21:27,889 INFO o.a.j.r.p.AbstractSampleConsumer: class org.apache.jmeter.report.processor.AggregateConsumer#stopProducing(): endDate produced 0 samples
2025-02-21 13:21:27,892 INFO o.a.j.r.p.AbstractSampleConsumer: class org.apache.jmeter.report.processor.ApdexSummaryConsumer#stopProducing(): apdexSummary produced 0 samples
2025-02-21 13:21:27,892 INFO o.a.j.r.p.AbstractSampleConsumer: class org.apache.jmeter.report.processor.RequestsSummaryConsumer#stopProducing(): requestsSummary produced 0 samples
2025-02-21 13:21:27,902 INFO o.a.j.r.p.AbstractSampleConsumer: class org.apache.jmeter.report.processor.StatisticsSummaryConsumer#stopProducing(): statisticsSummary produced 0 samples
2025-02-21 13:21:27,905 INFO o.a.j.r.p.AbstractSampleConsumer: class org.apache.jmeter.report.processor.Top5ErrorsBySamplerConsumer#stopProducing(): top5ErrorsBySampler produced 0 samples
2025-02-21 13:21:27,905 INFO o.a.j.r.p.AbstractSampleConsumer: class org.apache.jmeter.report.processor.ErrorsSummaryConsumer#stopProducing(): errorsSummary produced 0 samples
2025-02-21 13:21:27,906 INFO o.a.j.r.p.AbstractSampleConsumer: class org.apache.jmeter.report.processor.graph.impl.HitsPerSecondGraphConsumer#stopProducing(): hitsPerSecond produced 0 samples
2025-02-21 13:21:27,927 INFO o.a.j.r.p.AbstractSampleConsumer: class org.apache.jmeter.report.processor.graph.impl.LatencyVSRequestGraphConsumer#stopProducing(): latencyVsRequest produced 0 samples
2025-02-21 13:21:27,928 INFO o.a.j.r.p.AbstractSampleConsumer: class org.apache.jmeter.report.processor.graph.impl.SyntheticResponseTimeDistributionGraphConsumer#stopProducing(): syntheticResponseTimeDistribution produced 0 samples
2025-02-21 13:21:27,928 INFO o.a.j.r.p.AbstractSampleConsumer: class org.apache.jmeter.report.processor.graph.impl.BytesThroughputGraphConsumer#stopProducing(): bytesThroughputOverTime produced 0 samples
2025-02-21 13:21:27,929 INFO o.a.j.r.p.AbstractSampleConsumer: class org.apache.jmeter.report.processor.graph.impl.CodesPerSecondGraphConsumer#stopProducing(): codesPerSecond produced 0 samples
2025-02-21 13:21:27,937 INFO o.a.j.r.p.AbstractSampleConsumer: class org.apache.jmeter.report.processor.graph.impl.ResponseTimeVSRequestGraphConsumer#stopProducing(): responseTimeVsRequest produced 0 samples
2025-02-21 13:21:27,937 INFO o.a.j.r.p.AbstractSampleConsumer: class org.apache.jmeter.report.processor.FilterConsumer#stopProducing(): startIntervalControlerFilter produced 77 samples
2025-02-21 13:21:27,938 INFO o.a.j.r.p.AbstractSampleConsumer: class org.apache.jmeter.report.processor.graph.impl.TotalTPSGraphConsumer#stopProducing(): totalTPS produced 0 samples
2025-02-21 13:21:27,938 INFO o.a.j.r.p.AbstractSampleConsumer: class org.apache.jmeter.report.processor.graph.impl.ActiveThreadsGraphConsumer#stopProducing(): activeThreadsOverTime produced 0 samples
2025-02-21 13:21:27,938 INFO o.a.j.r.p.AbstractSampleConsumer: class org.apache.jmeter.report.processor.graph.impl.TimeVSThreadGraphConsumer#stopProducing(): timeVsThreads produced 0 samples
2025-02-21 13:21:27,938 INFO o.a.j.r.p.AbstractSampleConsumer: class org.apache.jmeter.report.processor.graph.impl.ResponseTimeDistributionGraphConsumer#stopProducing(): responseTimeDistribution produced 0 samples
2025-02-21 13:21:27,938 INFO o.a.j.r.p.AbstractSampleConsumer: class org.apache.jmeter.report.processor.graph.impl.TransactionsPerSecondGraphConsumer#stopProducing(): transactionsPerSecond produced 0 samples
2025-02-21 13:21:27,938 INFO o.a.j.r.p.AbstractSampleConsumer: class org.apache.jmeter.report.processor.graph.impl.ResponseTimePercentilesGraphConsumer#stopProducing(): responseTimePercentiles produced 0 samples
2025-02-21 13:21:27,939 INFO o.a.j.r.p.AbstractSampleConsumer: class org.apache.jmeter.report.processor.graph.impl.ResponseTimePercentilesOverTimeGraphConsumer#stopProducing(): responseTimePercentilesOverTime produced 0 samples
2025-02-21 13:21:27,939 INFO o.a.j.r.p.AbstractSampleConsumer: class org.apache.jmeter.report.processor.graph.impl.ResponseTimeOverTimeGraphConsumer#stopProducing(): responseTimesOverTime produced 0 samples
2025-02-21 13:21:27,939 INFO o.a.j.r.p.AbstractSampleConsumer: class org.apache.jmeter.report.processor.graph.impl.ConnectTimeOverTimeGraphConsumer#stopProducing(): connectTimeOverTime produced 0 samples
2025-02-21 13:21:27,939 INFO o.a.j.r.p.AbstractSampleConsumer: class org.apache.jmeter.report.processor.graph.impl.LatencyOverTimeGraphConsumer#stopProducing(): latenciesOverTime produced 0 samples
2025-02-21 13:21:27,939 INFO o.a.j.r.p.AbstractSampleConsumer: class org.apache.jmeter.report.processor.FilterConsumer#stopProducing(): nameFilter produced 165 samples
2025-02-21 13:21:27,939 INFO o.a.j.r.p.AbstractSampleConsumer: class org.apache.jmeter.report.processor.FilterConsumer#stopProducing(): dateRangeFilter produced 33 samples
2025-02-21 13:21:27,939 INFO o.a.j.r.p.AbstractSampleConsumer: class org.apache.jmeter.report.processor.NormalizerSampleConsumer#stopProducing(): normalizer produced 11 samples
2025-02-21 13:21:27,940 INFO o.a.j.r.p.CsvFileSampleSource: produce(): 11 samples produced in 198ms on channel 0
2025-02-21 13:21:27,940 INFO o.a.j.r.d.ReportGenerator: Exporting data using exporter:'json' of className:'org.apache.jmeter.report.dashboard.JsonExporter'
2025-02-21 13:21:28,020 INFO o.a.j.r.d.JsonExporter: Found data for consumer statisticsSummary in context
2025-02-21 13:21:28,020 INFO o.a.j.r.d.JsonExporter: Creating statistics for overall
2025-02-21 13:21:28,020 INFO o.a.j.r.d.JsonExporter: Creating statistics for other transactions
2025-02-21 13:21:28,020 INFO o.a.j.r.d.JsonExporter: Checking output folder
2025-02-21 13:21:28,022 INFO o.a.j.r.d.JsonExporter: Writing statistics JSON to D:\github\PT_Jmeter\JmeterTestNGTesting\target\jmeterReports\20250221_132100\statistics.json
2025-02-21 13:21:28,071 INFO o.a.j.r.d.ReportGenerator: Exporting data using exporter:'html' of className:'org.apache.jmeter.report.dashboard.HtmlTemplateExporter'
2025-02-21 13:21:28,073 INFO o.a.j.r.d.HtmlTemplateExporter: Will generate dashboard in folder: D:\github\PT_Jmeter\JmeterTestNGTesting\target\jmeterReports\20250221_132100
2025-02-21 13:21:28,196 INFO o.a.j.r.d.HtmlTemplateExporter: Report will be generated in: D:\github\PT_Jmeter\JmeterTestNGTesting\target\jmeterReports\20250221_132100, creating folder structure
2025-02-21 13:21:28,199 INFO o.a.j.r.d.TemplateVisitor: Copying folder from 'D:\Softwares\apache-jmeter-5.6.3\bin\report-template' to 'D:\github\PT_Jmeter\JmeterTestNGTesting\target\jmeterReports\20250221_132100', got message: D:\github\PT_Jmeter\JmeterTestNGTesting\target\jmeterReports\20250221_132100, found non empty folder with following content [D:\github\PT_Jmeter\JmeterTestNGTesting\target\jmeterReports\20250221_132100\statistics.json], will be ignored
2025-02-21 13:21:29,806 INFO o.a.j.JMeter: Dashboard generated
